<?xml version="1.0" encoding="UTF-8"?>
<testsuite xmlns:xsi="http://www.w3.org/2001/XMLSchema-instance" xsi:noNamespaceSchemaLocation="https://maven.apache.org/surefire/maven-surefire-plugin/xsd/surefire-test-report-3.0.xsd" version="3.0" name="com.eureka.timetabling.PasswordTest" time="0.587" tests="1" errors="0" skipped="0" failures="0">
  <properties>
[...]
</properties>
  <testcase name="generatePasswords" classname="com.eureka.timetabling.PasswordTest" time="0.569">
    <system-out><![CDATA[ADMIN_HASH: $2a$12$hQaOoPHDDogiFU78hnQnOOVxpWiDCrE4G1n1h1DhJUMVyN8haLn1m
TEACHER_HASH: $2a$12$SkMgk.2v7I9otReOxTzToOUz3yoDyHnmwKeFME46Irbygrb4k7.C.
]]></system-out>
  </testcase>
</testsuite>